# - below is an edited sample of what I see on my main system (beryllium) by
#   calling "move-window --list"
# - some lines have been removed because they contain private hostnames
# - column #1 = Desktop. 4294967295 = 0xFFFFFFFF = sticky = all desktops
# - column #2 = Window ID
# - column #3 = Window Title (via $PROMPT_COMMAND)
# - note: entries with "()" are local/remote ssh sessions. entries with "[]"
#   are local shells

  4294967295  0x1200004  "xfce4-panel"
           3  0x3400029  "helium.elements.lan - TigerVNC"
           4  0x360003b  "boron.elements.lan - TigerVNC"
           6   0xa00009  "(root@helium.elements.lan ~)"
           6   0xa00033  "(root@beryllium.elements.lan ~)"
           6   0xa0005d  "(root@boron.elements.lan ~)"
           5   0xa0007f  "(erik@helium.elements.lan ~)"
           5   0xa000a9  "(erik@beryllium.elements.lan ~)"
           5   0xa000d3  "(erik@boron.elements.lan ~)"
           7   0xa000f5  "(root@alphageek.noip.me /etc/profile.d)"
           7   0xa0011f  "(erik@alphageek.noip.me ~)"
           0   0xa0021b  "[erik@beryllium.elements.lan ~]"
           0   0xa0023d  "[erik@beryllium.elements.lan ~]"
           0   0xa0025f  "[erik@beryllium.elements.lan /etc/profile.d]"
           0   0xa00281  "[erik@beryllium.elements.lan ~]"
           0   0xa002a3  "[erik@beryllium.elements.lan ~]"
           0   0xa002c5  "[erik@beryllium.elements.lan ~]"
           0   0xa002e7  "[erik@beryllium.elements.lan /etc/profile.d]"
           0   0xa00309  "[erik@beryllium.elements.lan ~]"
           0   0xa0032b  "[erik@beryllium.elements.lan ~]"
           0   0xa0034d  "[erik@beryllium.elements.lan ~]"
           0   0xa0036f  "[erik@beryllium.elements.lan ~]"
           1   0xa00391  "[erik@beryllium.elements.lan ~]"
           1   0xa003b3  "[erik@beryllium.elements.lan ~]"
           1   0xa003d5  "[erik@beryllium.elements.lan ~]"
           1   0xa003f7  "[erik@beryllium.elements.lan ~]"
           1   0xa00419  "[erik@beryllium.elements.lan ~]"
           1   0xa0043b  "[erik@beryllium.elements.lan ~]"
           1   0xa0045d  "[erik@beryllium.elements.lan ~]"
           1   0xa0047f  "[erik@beryllium.elements.lan ~]"
           1   0xa004a1  "[erik@beryllium.elements.lan ~]"
  4294967295  0x1600099  "Magnify 3x"
           0  0x3200011  "Quassel IRC - #slackware (OFTC)"
           6   0xa005c3  "[erik@beryllium.elements.lan /elements/helium/etc/profile.d]"
           6   0xa005ed  "[erik@beryllium.elements.lan ~]"
           6   0xa00617  "[erik@beryllium.elements.lan ~]"
           6   0xa0065b  "[erik@beryllium.elements.lan ~]"
           2  0x4200003  "WhatsApp - Mozilla Firefox"
           2  0x4200036  "Index of file:///usr/local/bin/ - Mozilla Firefox"
           2  0x4200041  "Sed One-Liners Explained, Part I: File Spacing, Numbering and Text Conversion and Substitution - Mozilla Firefox"
           2  0x420004c  "mksh(1): MirBSD Korn shell - Linux man page - Mozilla Firefox"
           2  0x4200057  "everything in it\342\200\231s right place \342\200\223 brokkr.net - Mozilla Firefox"
           2  0x4200062  "Blender Institute \342\200\224 blender.org - Mozilla Firefox"
           2  0x420006d  "Debian reconsiders init-system diversity [LWN.net] - Mozilla Firefox"
           2  0x4200078  "Mozilla Firefox"
           1   0xa006f7  "[erik@beryllium.elements.lan ~]"
  4294967295   0xe00008  "tint2"
           7   0xa00a43  "[erik@beryllium.elements.lan /etc/profile.d]"
